<?xml version="1.0" encoding="UTF-8"?>
<!-- Generated by org.testng.reporters.JUnitXMLReporter -->
<testsuite ignored="0" hostname="DESKTOP-88FLBF9" failures="0" tests="6" name="Test" time="219.595" errors="0" timestamp="2020-09-22T04:14:56 IST">
  <testcase classname="appsGoogle.googleKeep" name="addNotes" time="11.799"/>
  <testcase classname="appsGoogle.googleKeep" name="addReminder" time="26.414"/>
  <testcase classname="appsGoogle.googleTask" name="addTasks" time="17.051"/>
  <testcase classname="appsGoogle.WebappTest" name="LoginSimpleForm" time="35.077"/>
  <testcase classname="appsGoogle.WebappTest" name="ValidLogin" time="23.664"/>
  <testcase classname="appsGoogle.WebappTest" name="act_1" time="35.639"/>
</testsuite> <!-- Test -->
