<?xml version="1.0" encoding="UTF-8"?>
<testng-results ignored="0" total="6" passed="6" failed="0" skipped="0">
  <reporter-output>
  </reporter-output>
  <suite started-at="2020-09-22T04:11:17 IST" name="Suite" finished-at="2020-09-22T04:14:56 IST" duration-ms="219595">
    <groups>
    </groups>
    <test started-at="2020-09-22T04:11:17 IST" name="Test" finished-at="2020-09-22T04:14:56 IST" duration-ms="219595">
      <class name="appsGoogle.googleKeep">
        <test-method is-config="true" signature="beforeMethod()[pri:0, instance:appsGoogle.googleKeep@223191a6]" started-at="2020-09-22T04:11:17 IST" name="beforeMethod" finished-at="2020-09-22T04:11:28 IST" duration-ms="11194" status="PASS">
          <reporter-output>
          </reporter-output>
        </test-method> <!-- beforeMethod -->
        <test-method signature="addNotes()[pri:0, instance:appsGoogle.googleKeep@223191a6]" started-at="2020-09-22T04:11:28 IST" name="addNotes" finished-at="2020-09-22T04:11:40 IST" duration-ms="11799" status="PASS">
          <reporter-output>
          </reporter-output>
        </test-method> <!-- addNotes -->
        <test-method is-config="true" signature="afterMethod()[pri:0, instance:appsGoogle.googleKeep@223191a6]" started-at="2020-09-22T04:11:40 IST" name="afterMethod" finished-at="2020-09-22T04:11:40 IST" duration-ms="646" status="PASS">
          <reporter-output>
          </reporter-output>
        </test-method> <!-- afterMethod -->
        <test-method is-config="true" signature="beforeMethod()[pri:0, instance:appsGoogle.googleKeep@223191a6]" started-at="2020-09-22T04:11:40 IST" name="beforeMethod" finished-at="2020-09-22T04:11:51 IST" duration-ms="10676" status="PASS">
          <reporter-output>
          </reporter-output>
        </test-method> <!-- beforeMethod -->
        <test-method signature="addReminder()[pri:0, instance:appsGoogle.googleKeep@223191a6]" started-at="2020-09-22T04:11:51 IST" name="addReminder" finished-at="2020-09-22T04:12:18 IST" duration-ms="26414" status="PASS">
          <reporter-output>
          </reporter-output>
        </test-method> <!-- addReminder -->
        <test-method is-config="true" signature="afterMethod()[pri:0, instance:appsGoogle.googleKeep@223191a6]" started-at="2020-09-22T04:12:18 IST" name="afterMethod" finished-at="2020-09-22T04:12:18 IST" duration-ms="652" status="PASS">
          <reporter-output>
          </reporter-output>
        </test-method> <!-- afterMethod -->
      </class> <!-- appsGoogle.googleKeep -->
      <class name="appsGoogle.googleTask">
        <test-method is-config="true" signature="beforeMethod()[pri:0, instance:appsGoogle.googleTask@49139829]" started-at="2020-09-22T04:12:18 IST" name="beforeMethod" finished-at="2020-09-22T04:12:28 IST" duration-ms="10105" status="PASS">
          <reporter-output>
          </reporter-output>
        </test-method> <!-- beforeMethod -->
        <test-method signature="addTasks()[pri:0, instance:appsGoogle.googleTask@49139829]" started-at="2020-09-22T04:12:28 IST" name="addTasks" finished-at="2020-09-22T04:12:45 IST" duration-ms="17051" status="PASS">
          <reporter-output>
          </reporter-output>
        </test-method> <!-- addTasks -->
        <test-method is-config="true" signature="afterMethod()[pri:0, instance:appsGoogle.googleTask@49139829]" started-at="2020-09-22T04:12:45 IST" name="afterMethod" finished-at="2020-09-22T04:12:46 IST" duration-ms="599" status="PASS">
          <reporter-output>
          </reporter-output>
        </test-method> <!-- afterMethod -->
      </class> <!-- appsGoogle.googleTask -->
      <class name="appsGoogle.WebappTest">
        <test-method is-config="true" signature="beforeMethod()[pri:0, instance:appsGoogle.WebappTest@9597028]" started-at="2020-09-22T04:12:46 IST" name="beforeMethod" finished-at="2020-09-22T04:12:58 IST" duration-ms="11809" status="PASS">
          <reporter-output>
          </reporter-output>
        </test-method> <!-- beforeMethod -->
        <test-method signature="LoginSimpleForm()[pri:0, instance:appsGoogle.WebappTest@9597028]" started-at="2020-09-22T04:12:58 IST" name="LoginSimpleForm" finished-at="2020-09-22T04:13:33 IST" duration-ms="35077" status="PASS">
          <reporter-output>
          </reporter-output>
        </test-method> <!-- LoginSimpleForm -->
        <test-method is-config="true" signature="afterMethod()[pri:0, instance:appsGoogle.WebappTest@9597028]" started-at="2020-09-22T04:13:33 IST" name="afterMethod" finished-at="2020-09-22T04:13:34 IST" duration-ms="681" status="PASS">
          <reporter-output>
          </reporter-output>
        </test-method> <!-- afterMethod -->
        <test-method is-config="true" signature="beforeMethod()[pri:0, instance:appsGoogle.WebappTest@9597028]" started-at="2020-09-22T04:13:34 IST" name="beforeMethod" finished-at="2020-09-22T04:13:45 IST" duration-ms="11091" status="PASS">
          <reporter-output>
          </reporter-output>
        </test-method> <!-- beforeMethod -->
        <test-method signature="ValidLogin()[pri:0, instance:appsGoogle.WebappTest@9597028]" started-at="2020-09-22T04:13:45 IST" name="ValidLogin" finished-at="2020-09-22T04:14:08 IST" duration-ms="23664" status="PASS">
          <reporter-output>
          </reporter-output>
        </test-method> <!-- ValidLogin -->
        <test-method is-config="true" signature="afterMethod()[pri:0, instance:appsGoogle.WebappTest@9597028]" started-at="2020-09-22T04:14:08 IST" name="afterMethod" finished-at="2020-09-22T04:14:09 IST" duration-ms="632" status="PASS">
          <reporter-output>
          </reporter-output>
        </test-method> <!-- afterMethod -->
        <test-method is-config="true" signature="beforeMethod()[pri:0, instance:appsGoogle.WebappTest@9597028]" started-at="2020-09-22T04:14:09 IST" name="beforeMethod" finished-at="2020-09-22T04:14:20 IST" duration-ms="11183" status="PASS">
          <reporter-output>
          </reporter-output>
        </test-method> <!-- beforeMethod -->
        <test-method signature="act_1()[pri:0, instance:appsGoogle.WebappTest@9597028]" started-at="2020-09-22T04:14:20 IST" name="act_1" finished-at="2020-09-22T04:14:56 IST" duration-ms="35639" status="PASS">
          <reporter-output>
          </reporter-output>
        </test-method> <!-- act_1 -->
        <test-method is-config="true" signature="afterMethod()[pri:0, instance:appsGoogle.WebappTest@9597028]" started-at="2020-09-22T04:14:56 IST" name="afterMethod" finished-at="2020-09-22T04:14:56 IST" duration-ms="628" status="PASS">
          <reporter-output>
          </reporter-output>
        </test-method> <!-- afterMethod -->
      </class> <!-- appsGoogle.WebappTest -->
    </test> <!-- Test -->
  </suite> <!-- Suite -->
</testng-results>
